<?xml version='1.1' encoding='UTF-8'?>
<result plugin="junit@1.27">
  <suites>
    <suite>
      <file>/var/lib/jenkins/workspace/Docker/docker_python_CI-CD@2/test-reports/results.xml</file>
      <name>pytest</name>
      <duration>0.017</duration>
      <time>0.017</time>
      <nodeId>43</nodeId>
      <enclosingBlocks>
        <string>32</string>
      </enclosingBlocks>
      <enclosingBlockNames>
        <string>Test</string>
      </enclosingBlockNames>
      <cases>
        <case>
          <duration>6.0892105E-4</duration>
          <className>sources.test_calc.TestCalc</className>
          <testName>test_add_floats</testName>
          <skipped>false</skipped>
          <failedSince>0</failedSince>
        </case>
        <case>
          <duration>4.8613548E-4</duration>
          <className>sources.test_calc.TestCalc</className>
          <testName>test_add_integers</testName>
          <skipped>false</skipped>
          <failedSince>0</failedSince>
        </case>
        <case>
          <duration>4.8732758E-4</duration>
          <className>sources.test_calc.TestCalc</className>
          <testName>test_add_string_and_integer</testName>
          <skipped>false</skipped>
          <failedSince>0</failedSince>
        </case>
        <case>
          <duration>4.8708916E-4</duration>
          <className>sources.test_calc.TestCalc</className>
          <testName>test_add_string_and_number</testName>
          <skipped>false</skipped>
          <failedSince>0</failedSince>
        </case>
        <case>
          <duration>4.956722E-4</duration>
          <className>sources.test_calc.TestCalc</className>
          <testName>test_add_strings</testName>
          <skipped>false</skipped>
          <failedSince>0</failedSince>
        </case>
      </cases>
    </suite>
  </suites>
  <duration>0.017</duration>
  <keepLongStdio>false</keepLongStdio>
</result>