<?xml version='1.1' encoding='UTF-8'?>
<result plugin="junit@1.27">
  <suites>
    <suite>
      <file>/var/lib/jenkins/workspace/Docker/declarative_python_jenkins/test-reports/results.xml</file>
      <name>pytest</name>
      <duration>0.182</duration>
      <time>0.182</time>
      <nodeId>25</nodeId>
      <enclosingBlocks>
        <string>23</string>
      </enclosingBlocks>
      <enclosingBlockNames>
        <string>test</string>
      </enclosingBlockNames>
      <cases>
        <case>
          <duration>0.019</duration>
          <className>sources.test_calc.TestCalc</className>
          <testName>test_add_floats</testName>
          <skipped>false</skipped>
          <failedSince>0</failedSince>
        </case>
        <case>
          <duration>0.017</duration>
          <className>sources.test_calc.TestCalc</className>
          <testName>test_add_integers</testName>
          <skipped>false</skipped>
          <failedSince>0</failedSince>
        </case>
        <case>
          <duration>0.001</duration>
          <className>sources.test_calc.TestCalc</className>
          <testName>test_add_string_and_integer</testName>
          <skipped>false</skipped>
          <failedSince>0</failedSince>
        </case>
        <case>
          <duration>0.017</duration>
          <className>sources.test_calc.TestCalc</className>
          <testName>test_add_string_and_number</testName>
          <skipped>false</skipped>
          <failedSince>0</failedSince>
        </case>
        <case>
          <duration>0.001</duration>
          <className>sources.test_calc.TestCalc</className>
          <testName>test_add_strings</testName>
          <skipped>false</skipped>
          <failedSince>0</failedSince>
        </case>
      </cases>
    </suite>
  </suites>
  <duration>0.182</duration>
  <keepLongStdio>false</keepLongStdio>
</result>